# JRE version: OpenJDK Runtime Environment (8.0_151-b12) (build 1.8.0_151-b12)
# Java VM: OpenJDK 64-Bit Server VM (25.151-b12 mixed mode linux-amd64 compressed oops)
Heap:
 PSYoungGen      total 6656K, used 1304K [0x000000078ab00000, 0x000000078b200000, 0x00000007c0000000)
  eden space 6144K, 12% used [0x000000078ab00000,0x000000078abc62d0,0x000000078b100000)
  from space 512K, 100% used [0x000000078b180000,0x000000078b200000,0x000000078b200000)
  to   space 512K, 0% used [0x000000078b100000,0x000000078b100000,0x000000078b180000)
 ParOldGen       total 5632K, used 696K [0x0000000720000000, 0x0000000720580000, 0x000000078ab00000)
  object space 5632K, 12% used [0x0000000720000000,0x00000007200ae060,0x0000000720580000)
 Metaspace       used 6481K, capacity 7372K, committed 7552K, reserved 1056768K
  class space    used 726K, capacity 776K, committed 896K, reserved 1048576K
GC Heap History (8 events):
Event: 0.718 GC heap before
{Heap before GC invocations=1 (full 0):
 PSYoungGen      total 2048K, used 1536K [0x000000078ab00000, 0x000000078ad80000, 0x00000007c0000000)
  eden space 1536K, 100% used [0x000000078ab00000,0x000000078ac80000,0x000000078ac80000)
  from space 512K, 0% used [0x000000078ad00000,0x000000078ad00000,0x000000078ad80000)
  to   space 512K, 0% used [0x000000078ac80000,0x000000078ac80000,0x000000078ad00000)
 ParOldGen       total 5632K, used 0K [0x0000000720000000, 0x0000000720580000, 0x000000078ab00000)
  object space 5632K, 0% used [0x0000000720000000,0x0000000720000000,0x0000000720580000)
 Metaspace       used 3646K, capacity 4876K, committed 5120K, reserved 1056768K
  class space    used 369K, capacity 456K, committed 512K, reserved 1048576K
Event: 0.779 GC heap after
Heap after GC invocations=1 (full 0):
 PSYoungGen      total 2048K, used 480K [0x000000078ab00000, 0x000000078af00000, 0x00000007c0000000)
  eden space 1536K, 0% used [0x000000078ab00000,0x000000078ab00000,0x000000078ac80000)
  from space 512K, 93% used [0x000000078ac80000,0x000000078acf8000,0x000000078ad00000)
  to   space 512K, 0% used [0x000000078ae80000,0x000000078ae80000,0x000000078af00000)
 ParOldGen       total 5632K, used 0K [0x0000000720000000, 0x0000000720580000, 0x000000078ab00000)
  object space 5632K, 0% used [0x0000000720000000,0x0000000720000000,0x0000000720580000)
 Metaspace       used 3646K, capacity 4876K, committed 5120K, reserved 1056768K
  class space    used 369K, capacity 456K, committed 512K, reserved 1048576K
}
Event: 0.904 GC heap before
{Heap before GC invocations=2 (full 0):
 PSYoungGen      total 2048K, used 2016K [0x000000078ab00000, 0x000000078af00000, 0x00000007c0000000)
  eden space 1536K, 100% used [0x000000078ab00000,0x000000078ac80000,0x000000078ac80000)
  from space 512K, 93% used [0x000000078ac80000,0x000000078acf8000,0x000000078ad00000)
  to   space 512K, 0% used [0x000000078ae80000,0x000000078ae80000,0x000000078af00000)
 ParOldGen       total 5632K, used 0K [0x0000000720000000, 0x0000000720580000, 0x000000078ab00000)
  object space 5632K, 0% used [0x0000000720000000,0x0000000720000000,0x0000000720580000)
 Metaspace       used 4306K, capacity 5292K, committed 5376K, reserved 1056768K
  class space    used 451K, capacity 488K, committed 512K, reserved 1048576K
Event: 0.946 GC heap after
Heap after GC invocations=2 (full 0):
 PSYoungGen      total 3584K, used 496K [0x000000078ab00000, 0x000000078af00000, 0x00000007c0000000)
  eden space 3072K, 0% used [0x000000078ab00000,0x000000078ab00000,0x000000078ae00000)
  from space 512K, 96% used [0x000000078ae80000,0x000000078aefc030,0x000000078af00000)
  to   space 512K, 0% used [0x000000078ae00000,0x000000078ae00000,0x000000078ae80000)
 ParOldGen       total 5632K, used 104K [0x0000000720000000, 0x0000000720580000, 0x000000078ab00000)
  object space 5632K, 1% used [0x0000000720000000,0x000000072001a000,0x0000000720580000)
 Metaspace       used 4306K, capacity 5292K, committed 5376K, reserved 1056768K
  class space    used 451K, capacity 488K, committed 512K, reserved 1048576K
}
Event: 1.182 GC heap before
{Heap before GC invocations=3 (full 0):
 PSYoungGen      total 3584K, used 3568K [0x000000078ab00000, 0x000000078af00000, 0x00000007c0000000)
  eden space 3072K, 100% used [0x000000078ab00000,0x000000078ae00000,0x000000078ae00000)
  from space 512K, 96% used [0x000000078ae80000,0x000000078aefc030,0x000000078af00000)
  to   space 512K, 0% used [0x000000078ae00000,0x000000078ae00000,0x000000078ae80000)
 ParOldGen       total 5632K, used 104K [0x0000000720000000, 0x0000000720580000, 0x000000078ab00000)
  object space 5632K, 1% used [0x0000000720000000,0x000000072001a000,0x0000000720580000)
 Metaspace       used 5314K, capacity 6252K, committed 6528K, reserved 1056768K
  class space    used 573K, capacity 616K, committed 640K, reserved 1048576K
Event: 1.204 GC heap after
Heap after GC invocations=3 (full 0):
 PSYoungGen      total 3584K, used 480K [0x000000078ab00000, 0x000000078b200000, 0x00000007c0000000)
  eden space 3072K, 0% used [0x000000078ab00000,0x000000078ab00000,0x000000078ae00000)
  from space 512K, 93% used [0x000000078ae00000,0x000000078ae78020,0x000000078ae80000)
  to   space 512K, 0% used [0x000000078b180000,0x000000078b180000,0x000000078b200000)
 ParOldGen       total 5632K, used 520K [0x0000000720000000, 0x0000000720580000, 0x000000078ab00000)
  object space 5632K, 9% used [0x0000000720000000,0x0000000720082050,0x0000000720580000)
 Metaspace       used 5314K, capacity 6252K, committed 6528K, reserved 1056768K
  class space    used 573K, capacity 616K, committed 640K, reserved 1048576K
}
Event: 1.406 GC heap before
{Heap before GC invocations=4 (full 0):
 PSYoungGen      total 3584K, used 3552K [0x000000078ab00000, 0x000000078b200000, 0x00000007c0000000)
  eden space 3072K, 100% used [0x000000078ab00000,0x000000078ae00000,0x000000078ae00000)
  from space 512K, 93% used [0x000000078ae00000,0x000000078ae78020,0x000000078ae80000)
  to   space 512K, 0% used [0x000000078b180000,0x000000078b180000,0x000000078b200000)
 ParOldGen       total 5632K, used 520K [0x0000000720000000, 0x0000000720580000, 0x000000078ab00000)
  object space 5632K, 9% used [0x0000000720000000,0x0000000720082050,0x0000000720580000)
 Metaspace       used 6255K, capacity 7148K, committed 7424K, reserved 1056768K
  class space    used 699K, capacity 744K, committed 768K, reserved 1048576K
Event: 1.459 GC heap after
Heap after GC invocations=4 (full 0):
 PSYoungGen      total 6656K, used 512K [0x000000078ab00000, 0x000000078b200000, 0x00000007c0000000)
  eden space 6144K, 0% used [0x000000078ab00000,0x000000078ab00000,0x000000078b100000)
  from space 512K, 100% used [0x000000078b180000,0x000000078b200000,0x000000078b200000)
  to   space 512K, 0% used [0x000000078b100000,0x000000078b100000,0x000000078b180000)
 ParOldGen       total 5632K, used 696K [0x0000000720000000, 0x0000000720580000, 0x000000078ab00000)
  object space 5632K, 12% used [0x0000000720000000,0x00000007200ae060,0x0000000720580000)
 Metaspace       used 6255K, capacity 7148K, committed 7424K, reserved 1056768K
  class space    used 699K, capacity 744K, committed 768K, reserved 1048576K
}

